  [1m[35m (0.8ms)[0m  [1m[35mCREATE TABLE "schema_migrations" ("version" varchar NOT NULL PRIMARY KEY)[0m
  [1m[35m (0.7ms)[0m  [1m[35mCREATE TABLE "ar_internal_metadata" ("key" varchar NOT NULL PRIMARY KEY, "value" varchar, "created_at" datetime NOT NULL, "updated_at" datetime NOT NULL)[0m
  [1m[36mActiveRecord::SchemaMigration Load (0.1ms)[0m  [1m[34mSELECT "schema_migrations".* FROM "schema_migrations"[0m
Migrating to DeviseCreateUsers (20160815204530)
  [1m[35m (0.1ms)[0m  [1m[36mbegin transaction[0m
  [1m[35m (0.6ms)[0m  [1m[35mCREATE TABLE "users" ("id" INTEGER PRIMARY KEY AUTOINCREMENT NOT NULL, "email" varchar DEFAULT '' NOT NULL, "encrypted_password" varchar DEFAULT '' NOT NULL, "reset_password_token" varchar, "reset_password_sent_at" datetime, "remember_created_at" datetime, "sign_in_count" integer DEFAULT 0 NOT NULL, "current_sign_in_at" datetime, "last_sign_in_at" datetime, "current_sign_in_ip" varchar, "last_sign_in_ip" varchar, "created_at" datetime NOT NULL, "updated_at" datetime NOT NULL)[0m
  [1m[35m (0.3ms)[0m  [1m[34mselect sqlite_version(*)[0m
  [1m[35m (0.4ms)[0m  [1m[35mCREATE UNIQUE INDEX "index_users_on_email" ON "users" ("email")[0m
  [1m[35m (0.1ms)[0m  [1m[34m            SELECT sql
            FROM sqlite_master
            WHERE name='index_users_on_email' AND type='index'
            UNION ALL
            SELECT sql
            FROM sqlite_temp_master
            WHERE name='index_users_on_email' AND type='index'
[0m
  [1m[35m (0.1ms)[0m  [1m[35mCREATE UNIQUE INDEX "index_users_on_reset_password_token" ON "users" ("reset_password_token")[0m
  [1m[35mSQL (0.1ms)[0m  [1m[32mINSERT INTO "schema_migrations" ("version") VALUES (?)[0m  [["version", "20160815204530"]]
  [1m[35m (0.7ms)[0m  [1m[36mcommit transaction[0m
Migrating to CreateJobs (20160816001754)
  [1m[35m (0.1ms)[0m  [1m[36mbegin transaction[0m
  [1m[35m (0.3ms)[0m  [1m[35mCREATE TABLE "jobs" ("id" INTEGER PRIMARY KEY AUTOINCREMENT NOT NULL, "title" varchar, "description" text, "company" varchar, "url" varchar, "location" varchar, "created_at" datetime NOT NULL, "updated_at" datetime NOT NULL)[0m
  [1m[35mSQL (0.1ms)[0m  [1m[32mINSERT INTO "schema_migrations" ("version") VALUES (?)[0m  [["version", "20160816001754"]]
  [1m[35m (0.5ms)[0m  [1m[36mcommit transaction[0m
Migrating to AddOmniauthToUsers (20160816011610)
  [1m[35m (0.0ms)[0m  [1m[36mbegin transaction[0m
  [1m[35m (0.4ms)[0m  [1m[35mALTER TABLE "users" ADD "provider" varchar[0m
  [1m[35m (0.0ms)[0m  [1m[34m            SELECT sql
            FROM sqlite_master
            WHERE name='index_users_on_reset_password_token' AND type='index'
            UNION ALL
            SELECT sql
            FROM sqlite_temp_master
            WHERE name='index_users_on_reset_password_token' AND type='index'
[0m
  [1m[35m (0.0ms)[0m  [1m[34m            SELECT sql
            FROM sqlite_master
            WHERE name='index_users_on_email' AND type='index'
            UNION ALL
            SELECT sql
            FROM sqlite_temp_master
            WHERE name='index_users_on_email' AND type='index'
[0m
  [1m[35m (0.1ms)[0m  [1m[35mCREATE  INDEX "index_users_on_provider" ON "users" ("provider")[0m
  [1m[35m (0.1ms)[0m  [1m[35mALTER TABLE "users" ADD "uid" varchar[0m
  [1m[35m (0.0ms)[0m  [1m[34m            SELECT sql
            FROM sqlite_master
            WHERE name='index_users_on_provider' AND type='index'
            UNION ALL
            SELECT sql
            FROM sqlite_temp_master
            WHERE name='index_users_on_provider' AND type='index'
[0m
  [1m[35m (0.0ms)[0m  [1m[34m            SELECT sql
            FROM sqlite_master
            WHERE name='index_users_on_reset_password_token' AND type='index'
            UNION ALL
            SELECT sql
            FROM sqlite_temp_master
            WHERE name='index_users_on_reset_password_token' AND type='index'
[0m
  [1m[35m (0.0ms)[0m  [1m[34m            SELECT sql
            FROM sqlite_master
            WHERE name='index_users_on_email' AND type='index'
            UNION ALL
            SELECT sql
            FROM sqlite_temp_master
            WHERE name='index_users_on_email' AND type='index'
[0m
  [1m[35m (0.1ms)[0m  [1m[35mCREATE  INDEX "index_users_on_uid" ON "users" ("uid")[0m
  [1m[35mSQL (0.1ms)[0m  [1m[32mINSERT INTO "schema_migrations" ("version") VALUES (?)[0m  [["version", "20160816011610"]]
  [1m[35m (0.5ms)[0m  [1m[36mcommit transaction[0m
Migrating to CreateCategories (20160816144134)
  [1m[35m (0.0ms)[0m  [1m[36mbegin transaction[0m
  [1m[35m (0.3ms)[0m  [1m[35mCREATE TABLE "categories" ("id" INTEGER PRIMARY KEY AUTOINCREMENT NOT NULL, "name" varchar, "created_at" datetime NOT NULL, "updated_at" datetime NOT NULL)[0m
  [1m[35mSQL (0.1ms)[0m  [1m[32mINSERT INTO "schema_migrations" ("version") VALUES (?)[0m  [["version", "20160816144134"]]
  [1m[35m (0.5ms)[0m  [1m[36mcommit transaction[0m
Migrating to AddCategoryIdToJobs (20160816144508)
  [1m[35m (0.0ms)[0m  [1m[36mbegin transaction[0m
  [1m[35m (0.2ms)[0m  [1m[35mALTER TABLE "jobs" ADD "category_id" integer[0m
  [1m[35mSQL (0.1ms)[0m  [1m[32mINSERT INTO "schema_migrations" ("version") VALUES (?)[0m  [["version", "20160816144508"]]
  [1m[35m (0.4ms)[0m  [1m[36mcommit transaction[0m
Migrating to CreateSkills (20160817002149)
  [1m[35m (0.0ms)[0m  [1m[36mbegin transaction[0m
  [1m[35m (0.3ms)[0m  [1m[35mCREATE TABLE "skills" ("id" INTEGER PRIMARY KEY AUTOINCREMENT NOT NULL, "name" varchar, "created_at" datetime NOT NULL, "updated_at" datetime NOT NULL)[0m
  [1m[35mSQL (0.1ms)[0m  [1m[32mINSERT INTO "schema_migrations" ("version") VALUES (?)[0m  [["version", "20160817002149"]]
  [1m[35m (0.4ms)[0m  [1m[36mcommit transaction[0m
Migrating to CreateJobsSkills (20160817042844)
  [1m[35m (0.0ms)[0m  [1m[36mbegin transaction[0m
  [1m[35m (0.3ms)[0m  [1m[35mCREATE TABLE "jobs_skills" ("id" INTEGER PRIMARY KEY AUTOINCREMENT NOT NULL, "job_id" integer, "skill_id" integer)[0m
  [1m[35mSQL (0.1ms)[0m  [1m[32mINSERT INTO "schema_migrations" ("version") VALUES (?)[0m  [["version", "20160817042844"]]
  [1m[35m (0.4ms)[0m  [1m[36mcommit transaction[0m
Migrating to AddRoleToUsers (20160817181546)
  [1m[35m (0.0ms)[0m  [1m[36mbegin transaction[0m
  [1m[35m (0.3ms)[0m  [1m[35mALTER TABLE "users" ADD "role" integer[0m
  [1m[35mSQL (0.1ms)[0m  [1m[32mINSERT INTO "schema_migrations" ("version") VALUES (?)[0m  [["version", "20160817181546"]]
  [1m[35m (0.4ms)[0m  [1m[36mcommit transaction[0m
Migrating to AddUserIdToJobs (20160817200152)
  [1m[35m (0.0ms)[0m  [1m[36mbegin transaction[0m
  [1m[35m (0.3ms)[0m  [1m[35mALTER TABLE "jobs" ADD "user_id" integer[0m
  [1m[35mSQL (0.1ms)[0m  [1m[32mINSERT INTO "schema_migrations" ("version") VALUES (?)[0m  [["version", "20160817200152"]]
  [1m[35m (0.4ms)[0m  [1m[36mcommit transaction[0m
Migrating to RenameColumnJobs (20160817201941)
  [1m[35m (0.0ms)[0m  [1m[36mbegin transaction[0m
  [1m[35m (0.3ms)[0m  [1m[35mCREATE TEMPORARY TABLE "ajobs" ("id" INTEGER PRIMARY KEY AUTOINCREMENT NOT NULL, "title" varchar, "description" text, "company_name" varchar, "url" varchar, "location" varchar, "created_at" datetime NOT NULL, "updated_at" datetime NOT NULL, "category_id" integer, "user_id" integer)[0m
  [1m[35m (0.2ms)[0m  [1m[32mINSERT INTO "ajobs" ("id","title","description","company_name","url","location","created_at","updated_at","category_id","user_id")
                     SELECT "id","title","description","company","url","location","created_at","updated_at","category_id","user_id" FROM "jobs"[0m
  [1m[35m (0.7ms)[0m  [1m[35mDROP TABLE "jobs"[0m
  [1m[35m (0.1ms)[0m  [1m[35mCREATE TABLE "jobs" ("id" INTEGER PRIMARY KEY AUTOINCREMENT NOT NULL, "title" varchar, "description" text, "company_name" varchar, "url" varchar, "location" varchar, "created_at" datetime NOT NULL, "updated_at" datetime NOT NULL, "category_id" integer, "user_id" integer)[0m
  [1m[35m (0.1ms)[0m  [1m[32mINSERT INTO "jobs" ("id","title","description","company_name","url","location","created_at","updated_at","category_id","user_id")
                     SELECT "id","title","description","company_name","url","location","created_at","updated_at","category_id","user_id" FROM "ajobs"[0m
  [1m[35m (0.1ms)[0m  [1m[35mDROP TABLE "ajobs"[0m
  [1m[35mSQL (0.1ms)[0m  [1m[32mINSERT INTO "schema_migrations" ("version") VALUES (?)[0m  [["version", "20160817201941"]]
  [1m[35m (0.6ms)[0m  [1m[36mcommit transaction[0m
Migrating to CreateJobApplications (20160818144133)
  [1m[35m (0.0ms)[0m  [1m[36mbegin transaction[0m
  [1m[35m (0.3ms)[0m  [1m[35mCREATE TABLE "job_applications" ("id" INTEGER PRIMARY KEY AUTOINCREMENT NOT NULL, "job_id" integer, "user_id" integer, "message" text, "created_at" datetime NOT NULL, "updated_at" datetime NOT NULL)[0m
  [1m[35mSQL (0.1ms)[0m  [1m[32mINSERT INTO "schema_migrations" ("version") VALUES (?)[0m  [["version", "20160818144133"]]
  [1m[35m (0.3ms)[0m  [1m[36mcommit transaction[0m
Migrating to AddYearsOfExperienceToJobApplications (20160818184017)
  [1m[35m (0.0ms)[0m  [1m[36mbegin transaction[0m
  [1m[35m (0.3ms)[0m  [1m[35mALTER TABLE "job_applications" ADD "years_of_experience" integer[0m
  [1m[35mSQL (0.1ms)[0m  [1m[32mINSERT INTO "schema_migrations" ("version") VALUES (?)[0m  [["version", "20160818184017"]]
  [1m[35m (0.4ms)[0m  [1m[36mcommit transaction[0m
Migrating to RenameUserIdComlumnJobs (20160819014303)
  [1m[35m (0.1ms)[0m  [1m[36mbegin transaction[0m
  [1m[35m (0.1ms)[0m  [1m[35mCREATE TEMPORARY TABLE "ajobs" ("id" INTEGER PRIMARY KEY AUTOINCREMENT NOT NULL, "title" varchar, "description" text, "company_name" varchar, "url" varchar, "location" varchar, "created_at" datetime NOT NULL, "updated_at" datetime NOT NULL, "category_id" integer, "company_id" integer)[0m
  [1m[35m (0.1ms)[0m  [1m[32mINSERT INTO "ajobs" ("id","title","description","company_name","url","location","created_at","updated_at","category_id","company_id")
                     SELECT "id","title","description","company_name","url","location","created_at","updated_at","category_id","user_id" FROM "jobs"[0m
  [1m[35m (1.2ms)[0m  [1m[35mDROP TABLE "jobs"[0m
  [1m[35m (0.1ms)[0m  [1m[35mCREATE TABLE "jobs" ("id" INTEGER PRIMARY KEY AUTOINCREMENT NOT NULL, "title" varchar, "description" text, "company_name" varchar, "url" varchar, "location" varchar, "created_at" datetime NOT NULL, "updated_at" datetime NOT NULL, "category_id" integer, "company_id" integer)[0m
  [1m[35m (0.2ms)[0m  [1m[32mINSERT INTO "jobs" ("id","title","description","company_name","url","location","created_at","updated_at","category_id","company_id")
                     SELECT "id","title","description","company_name","url","location","created_at","updated_at","category_id","company_id" FROM "ajobs"[0m
  [1m[35m (0.1ms)[0m  [1m[35mDROP TABLE "ajobs"[0m
  [1m[35mSQL (0.1ms)[0m  [1m[32mINSERT INTO "schema_migrations" ("version") VALUES (?)[0m  [["version", "20160819014303"]]
  [1m[35m (0.6ms)[0m  [1m[36mcommit transaction[0m
  [1m[36mActiveRecord::InternalMetadata Load (0.1ms)[0m  [1m[34mSELECT  "ar_internal_metadata".* FROM "ar_internal_metadata" WHERE "ar_internal_metadata"."key" = ? LIMIT ?[0m  [["key", :environment], ["LIMIT", 1]]
  [1m[35m (0.0ms)[0m  [1m[36mbegin transaction[0m
  [1m[35mSQL (0.2ms)[0m  [1m[32mINSERT INTO "ar_internal_metadata" ("key", "value", "created_at", "updated_at") VALUES (?, ?, ?, ?)[0m  [["key", "environment"], ["value", "development"], ["created_at", 2017-04-01 20:26:24 UTC], ["updated_at", 2017-04-01 20:26:24 UTC]]
  [1m[35m (0.4ms)[0m  [1m[36mcommit transaction[0m
  [1m[36mActiveRecord::SchemaMigration Load (0.2ms)[0m  [1m[34mSELECT "schema_migrations".* FROM "schema_migrations"[0m
  [1m[35m (0.1ms)[0m  [1m[34m            SELECT sql
            FROM sqlite_master
            WHERE name='index_users_on_uid' AND type='index'
            UNION ALL
            SELECT sql
            FROM sqlite_temp_master
            WHERE name='index_users_on_uid' AND type='index'
[0m
  [1m[35m (0.1ms)[0m  [1m[34m            SELECT sql
            FROM sqlite_master
            WHERE name='index_users_on_provider' AND type='index'
            UNION ALL
            SELECT sql
            FROM sqlite_temp_master
            WHERE name='index_users_on_provider' AND type='index'
[0m
  [1m[35m (0.1ms)[0m  [1m[34m            SELECT sql
            FROM sqlite_master
            WHERE name='index_users_on_reset_password_token' AND type='index'
            UNION ALL
            SELECT sql
            FROM sqlite_temp_master
            WHERE name='index_users_on_reset_password_token' AND type='index'
[0m
  [1m[35m (0.1ms)[0m  [1m[34m            SELECT sql
            FROM sqlite_master
            WHERE name='index_users_on_email' AND type='index'
            UNION ALL
            SELECT sql
            FROM sqlite_temp_master
            WHERE name='index_users_on_email' AND type='index'
[0m
  [1m[36mActiveRecord::SchemaMigration Load (0.2ms)[0m  [1m[34mSELECT "schema_migrations".* FROM "schema_migrations"[0m
  [1m[35m (0.1ms)[0m  [1m[36mbegin transaction[0m
  [1m[36mUser Exists (0.2ms)[0m  [1m[34mSELECT  1 AS one FROM "users" WHERE "users"."email" = ? LIMIT ?[0m  [["email", "company@email.com"], ["LIMIT", 1]]
  [1m[35mSQL (0.4ms)[0m  [1m[32mINSERT INTO "users" ("email", "encrypted_password", "created_at", "updated_at", "role") VALUES (?, ?, ?, ?, ?)[0m  [["email", "company@email.com"], ["encrypted_password", "$2a$11$IvjoQFwMClwQqP3n1/BnWO.HEHGp92Xr44QWWxsEBHMgJIl4ljB5q"], ["created_at", 2017-04-01 20:26:36 UTC], ["updated_at", 2017-04-01 20:26:36 UTC], ["role", 1]]
  [1m[35m (0.8ms)[0m  [1m[36mcommit transaction[0m
  [1m[35m (0.1ms)[0m  [1m[36mbegin transaction[0m
  [1m[36mUser Exists (0.2ms)[0m  [1m[34mSELECT  1 AS one FROM "users" WHERE "users"."email" = ? LIMIT ?[0m  [["email", "user@email.com"], ["LIMIT", 1]]
  [1m[35mSQL (0.3ms)[0m  [1m[32mINSERT INTO "users" ("email", "encrypted_password", "created_at", "updated_at", "role") VALUES (?, ?, ?, ?, ?)[0m  [["email", "user@email.com"], ["encrypted_password", "$2a$11$ck4en6VoTsUDau1oikos/u2LgzHEfcPSzdWbe24kZw3FnCtJRKGLe"], ["created_at", 2017-04-01 20:26:36 UTC], ["updated_at", 2017-04-01 20:26:36 UTC], ["role", 0]]
  [1m[35m (0.4ms)[0m  [1m[36mcommit transaction[0m
  [1m[35m (0.0ms)[0m  [1m[36mbegin transaction[0m
  [1m[36mCategory Exists (0.1ms)[0m  [1m[34mSELECT  1 AS one FROM "categories" WHERE "categories"."name" = ? LIMIT ?[0m  [["name", "Full-Time"], ["LIMIT", 1]]
  [1m[35mSQL (0.5ms)[0m  [1m[32mINSERT INTO "categories" ("name", "created_at", "updated_at") VALUES (?, ?, ?)[0m  [["name", "Full-Time"], ["created_at", 2017-04-01 20:26:36 UTC], ["updated_at", 2017-04-01 20:26:36 UTC]]
  [1m[35m (0.5ms)[0m  [1m[36mcommit transaction[0m
  [1m[35m (0.0ms)[0m  [1m[36mbegin transaction[0m
  [1m[36mCategory Exists (0.1ms)[0m  [1m[34mSELECT  1 AS one FROM "categories" WHERE "categories"."name" = ? LIMIT ?[0m  [["name", "Part-Time"], ["LIMIT", 1]]
  [1m[35mSQL (0.2ms)[0m  [1m[32mINSERT INTO "categories" ("name", "created_at", "updated_at") VALUES (?, ?, ?)[0m  [["name", "Part-Time"], ["created_at", 2017-04-01 20:26:36 UTC], ["updated_at", 2017-04-01 20:26:36 UTC]]
  [1m[35m (0.5ms)[0m  [1m[36mcommit transaction[0m
  [1m[35m (0.0ms)[0m  [1m[36mbegin transaction[0m
  [1m[36mCategory Exists (0.1ms)[0m  [1m[34mSELECT  1 AS one FROM "categories" WHERE "categories"."name" = ? LIMIT ?[0m  [["name", "Remote"], ["LIMIT", 1]]
  [1m[35mSQL (0.1ms)[0m  [1m[32mINSERT INTO "categories" ("name", "created_at", "updated_at") VALUES (?, ?, ?)[0m  [["name", "Remote"], ["created_at", 2017-04-01 20:26:36 UTC], ["updated_at", 2017-04-01 20:26:36 UTC]]
  [1m[35m (0.4ms)[0m  [1m[36mcommit transaction[0m
  [1m[35m (0.1ms)[0m  [1m[36mbegin transaction[0m
  [1m[36mCategory Exists (0.1ms)[0m  [1m[34mSELECT  1 AS one FROM "categories" WHERE "categories"."name" = ? LIMIT ?[0m  [["name", "Internship"], ["LIMIT", 1]]
  [1m[35mSQL (0.2ms)[0m  [1m[32mINSERT INTO "categories" ("name", "created_at", "updated_at") VALUES (?, ?, ?)[0m  [["name", "Internship"], ["created_at", 2017-04-01 20:26:36 UTC], ["updated_at", 2017-04-01 20:26:36 UTC]]
  [1m[35m (0.5ms)[0m  [1m[36mcommit transaction[0m
  [1m[35m (0.1ms)[0m  [1m[36mbegin transaction[0m
  [1m[36mUser Load (0.2ms)[0m  [1m[34mSELECT  "users".* FROM "users" WHERE "users"."id" = ? LIMIT ?[0m  [["id", 2], ["LIMIT", 1]]
  [1m[36mCategory Load (0.1ms)[0m  [1m[34mSELECT  "categories".* FROM "categories" WHERE "categories"."id" = ? LIMIT ?[0m  [["id", 1], ["LIMIT", 1]]
  [1m[35mSQL (0.3ms)[0m  [1m[32mINSERT INTO "jobs" ("title", "description", "company_name", "url", "location", "created_at", "updated_at", "category_id", "company_id") VALUES (?, ?, ?, ?, ?, ?, ?, ?, ?)[0m  [["title", "Senior Web Developer"], ["description", "This position is for a strong Full Stack developer who would like to drive their own growth inside of our company. You will have a lot of agency (and responsibility!) from the outset, and you will be expected to run projects from start to finish, interface with clients, and oversee more junior developers"], ["company_name", "Dom & Tom"], ["url", "http://domandtom.applytojob.com/"], ["location", "New York"], ["created_at", 2017-04-01 20:26:36 UTC], ["updated_at", 2017-04-01 20:26:36 UTC], ["category_id", 1], ["company_id", 2]]
  [1m[35m (0.5ms)[0m  [1m[36mcommit transaction[0m
  [1m[35m (0.0ms)[0m  [1m[36mbegin transaction[0m
  [1m[36mUser Load (0.1ms)[0m  [1m[34mSELECT  "users".* FROM "users" WHERE "users"."id" = ? LIMIT ?[0m  [["id", 2], ["LIMIT", 1]]
  [1m[36mCategory Load (0.0ms)[0m  [1m[34mSELECT  "categories".* FROM "categories" WHERE "categories"."id" = ? LIMIT ?[0m  [["id", 2], ["LIMIT", 1]]
  [1m[35mSQL (0.2ms)[0m  [1m[32mINSERT INTO "jobs" ("title", "description", "company_name", "url", "location", "created_at", "updated_at", "category_id", "company_id") VALUES (?, ?, ?, ?, ?, ?, ?, ?, ?)[0m  [["title", "Junior Web Developer"], ["description", "This position is for a junior Full Stack developer who would like to drive their own growth inside of our company. You will have a lot of agency (and responsibility!) from the outset, and you will be expected to run projects from start to finish, interface with clients, and oversee more junior developers"], ["company_name", "Tom & Jerry"], ["url", "http://tomandjerry.applytojob.com/"], ["location", "San Francisco"], ["created_at", 2017-04-01 20:26:36 UTC], ["updated_at", 2017-04-01 20:26:36 UTC], ["category_id", 2], ["company_id", 2]]
  [1m[35m (0.5ms)[0m  [1m[36mcommit transaction[0m
  [1m[35m (0.1ms)[0m  [1m[36mbegin transaction[0m
  [1m[36mUser Load (0.1ms)[0m  [1m[34mSELECT  "users".* FROM "users" WHERE "users"."id" = ? LIMIT ?[0m  [["id", 2], ["LIMIT", 1]]
  [1m[36mCategory Load (0.0ms)[0m  [1m[34mSELECT  "categories".* FROM "categories" WHERE "categories"."id" = ? LIMIT ?[0m  [["id", 3], ["LIMIT", 1]]
  [1m[35mSQL (0.2ms)[0m  [1m[32mINSERT INTO "jobs" ("title", "description", "company_name", "url", "location", "created_at", "updated_at", "category_id", "company_id") VALUES (?, ?, ?, ?, ?, ?, ?, ?, ?)[0m  [["title", "IOS Developer"], ["description", "This position is for a IOS developer who would like to drive their own growth inside of our company. You will have a lot of agency (and responsibility!) from the outset, and you will be expected to run projects from start to finish, interface with clients, and oversee more junior developers"], ["company_name", "A-Team"], ["url", "http://ateam.applytojob.com/"], ["location", "Houston"], ["created_at", 2017-04-01 20:26:36 UTC], ["updated_at", 2017-04-01 20:26:36 UTC], ["category_id", 3], ["company_id", 2]]
  [1m[35m (0.5ms)[0m  [1m[36mcommit transaction[0m
  [1m[35m (0.0ms)[0m  [1m[36mbegin transaction[0m
  [1m[36mUser Load (0.1ms)[0m  [1m[34mSELECT  "users".* FROM "users" WHERE "users"."id" = ? LIMIT ?[0m  [["id", 2], ["LIMIT", 1]]
  [1m[36mCategory Load (0.0ms)[0m  [1m[34mSELECT  "categories".* FROM "categories" WHERE "categories"."id" = ? LIMIT ?[0m  [["id", 1], ["LIMIT", 1]]
  [1m[35mSQL (0.3ms)[0m  [1m[32mINSERT INTO "jobs" ("title", "description", "company_name", "url", "location", "created_at", "updated_at", "category_id", "company_id") VALUES (?, ?, ?, ?, ?, ?, ?, ?, ?)[0m  [["title", "Junior Java Developer"], ["description", "This position is for a junior java developer who would like to drive their own growth inside of our company. You will have a lot of agency (and responsibility!) from the outset, and you will be expected to run projects from start to finish, interface with clients, and oversee more junior developers"], ["company_name", "Google"], ["url", "http://google.applytojob.com/"], ["location", "New York"], ["created_at", 2017-04-01 20:26:36 UTC], ["updated_at", 2017-04-01 20:26:36 UTC], ["category_id", 1], ["company_id", 2]]
  [1m[35m (0.5ms)[0m  [1m[36mcommit transaction[0m
  [1m[35m (0.0ms)[0m  [1m[36mbegin transaction[0m
  [1m[36mUser Load (0.1ms)[0m  [1m[34mSELECT  "users".* FROM "users" WHERE "users"."id" = ? LIMIT ?[0m  [["id", 2], ["LIMIT", 1]]
  [1m[36mCategory Load (0.0ms)[0m  [1m[34mSELECT  "categories".* FROM "categories" WHERE "categories"."id" = ? LIMIT ?[0m  [["id", 1], ["LIMIT", 1]]
  [1m[35mSQL (0.2ms)[0m  [1m[32mINSERT INTO "jobs" ("title", "description", "company_name", "url", "location", "created_at", "updated_at", "category_id", "company_id") VALUES (?, ?, ?, ?, ?, ?, ?, ?, ?)[0m  [["title", "Senior Web Developer"], ["description", "This position is for a strong Full Stack developer who would like to drive their own growth inside of our company. You will have a lot of agency (and responsibility!) from the outset, and you will be expected to run projects from start to finish, interface with clients, and oversee more junior developers"], ["company_name", "Dom & Tom"], ["url", "http://domandtom.applytojob.com/"], ["location", "New York"], ["created_at", 2017-04-01 20:26:36 UTC], ["updated_at", 2017-04-01 20:26:36 UTC], ["category_id", 1], ["company_id", 2]]
  [1m[35m (0.4ms)[0m  [1m[36mcommit transaction[0m
Started GET "/" for ::1 at 2017-04-01 21:26:43 +0100
  [1m[36mActiveRecord::SchemaMigration Load (0.1ms)[0m  [1m[34mSELECT "schema_migrations".* FROM "schema_migrations"[0m
Processing by JobsController#index as HTML
  [1m[36mJob Load (0.2ms)[0m  [1m[34mSELECT  "jobs".* FROM "jobs" ORDER BY "jobs"."created_at" DESC LIMIT ?[0m  [["LIMIT", 9]]
  [1m[36mJob Load (0.1ms)[0m  [1m[34mSELECT "jobs".* FROM "jobs"[0m
  Rendering jobs/index.html.erb within layouts/application
  [1m[36mCategory Load (0.2ms)[0m  [1m[34mSELECT "categories".* FROM "categories"[0m
  [1m[35m (0.1ms)[0m  [1m[34mSELECT COUNT(count_column) FROM (SELECT  1 AS count_column FROM "jobs" LIMIT ? OFFSET ?) subquery_for_count[0m  [["LIMIT", 100], ["OFFSET", 0]]
  [1m[36mJob Load (0.2ms)[0m  [1m[34mSELECT  "jobs".* FROM "jobs" ORDER BY "jobs"."created_at" DESC LIMIT ? OFFSET ?[0m  [["LIMIT", 100], ["OFFSET", 0]]
  [1m[35m (0.1ms)[0m  [1m[34mSELECT COUNT(*) FROM "jobs"[0m
  Rendered jobs/index.html.erb within layouts/application (32.3ms)
  Rendered layouts/_messages.html.erb (0.6ms)
  Rendered layouts/_navigation.html.erb (1.1ms)
Completed 200 OK in 1351ms (Views: 1318.1ms | ActiveRecord: 1.7ms)


Started GET "/jobs/4" for ::1 at 2017-04-01 21:26:52 +0100
Processing by JobsController#show as HTML
  Parameters: {"id"=>"4"}
  [1m[36mJob Load (0.3ms)[0m  [1m[34mSELECT  "jobs".* FROM "jobs" WHERE "jobs"."id" = ? LIMIT ?[0m  [["id", 4], ["LIMIT", 1]]
Completed 401 Unauthorized in 3ms (ActiveRecord: 0.3ms)


Started GET "/users/sign_in" for ::1 at 2017-04-01 21:26:53 +0100
Processing by Devise::SessionsController#new as HTML
  Rendering devise/sessions/new.html.erb within layouts/application
  Rendered devise/shared/_links.html.erb (1.4ms)
  Rendered devise/sessions/new.html.erb within layouts/application (21.2ms)
  Rendered layouts/_messages.html.erb (0.6ms)
  Rendered layouts/_navigation.html.erb (1.3ms)
Completed 200 OK in 120ms (Views: 99.9ms | ActiveRecord: 0.5ms)


Started GET "/" for ::1 at 2017-04-01 21:26:55 +0100
Processing by JobsController#index as HTML
  [1m[36mJob Load (0.4ms)[0m  [1m[34mSELECT  "jobs".* FROM "jobs" ORDER BY "jobs"."created_at" DESC LIMIT ?[0m  [["LIMIT", 9]]
  [1m[36mJob Load (0.1ms)[0m  [1m[34mSELECT "jobs".* FROM "jobs"[0m
  Rendering jobs/index.html.erb within layouts/application
  [1m[36mCategory Load (0.1ms)[0m  [1m[34mSELECT "categories".* FROM "categories"[0m
  [1m[35m (0.1ms)[0m  [1m[34mSELECT COUNT(count_column) FROM (SELECT  1 AS count_column FROM "jobs" LIMIT ? OFFSET ?) subquery_for_count[0m  [["LIMIT", 100], ["OFFSET", 0]]
  [1m[36mJob Load (0.2ms)[0m  [1m[34mSELECT  "jobs".* FROM "jobs" ORDER BY "jobs"."created_at" DESC LIMIT ? OFFSET ?[0m  [["LIMIT", 100], ["OFFSET", 0]]
  [1m[35m (0.1ms)[0m  [1m[34mSELECT COUNT(*) FROM "jobs"[0m
  Rendered jobs/index.html.erb within layouts/application (10.5ms)
  Rendered layouts/_messages.html.erb (0.4ms)
  Rendered layouts/_navigation.html.erb (0.8ms)
Completed 200 OK in 95ms (Views: 91.8ms | ActiveRecord: 1.0ms)


Started GET "/jobs?utf8=%E2%9C%93&category=1&location=New+York&commit=Filter" for ::1 at 2017-04-01 21:26:58 +0100
Processing by JobsController#index as JSON
  Parameters: {"utf8"=>"✓", "category"=>"1", "location"=>"New York", "commit"=>"Filter"}
  [1m[36mJob Load (0.9ms)[0m  [1m[34mSELECT  "jobs".* FROM "jobs" ORDER BY "jobs"."created_at" DESC LIMIT ?[0m  [["LIMIT", 9]]
  [1m[36mJob Load (0.1ms)[0m  [1m[34mSELECT "jobs".* FROM "jobs"[0m
  [1m[36mJob Load (0.2ms)[0m  [1m[34mSELECT  "jobs".* FROM "jobs" WHERE "jobs"."category_id" = 1 AND "jobs"."location" = ? ORDER BY "jobs"."created_at" DESC LIMIT ? OFFSET ?[0m  [["location", "New York"], ["LIMIT", 100], ["OFFSET", 0]]
[active_model_serializers]   [1m[36mCategory Load (0.2ms)[0m  [1m[34mSELECT  "categories".* FROM "categories" WHERE "categories"."id" = ? LIMIT ?[0m  [["id", 1], ["LIMIT", 1]]
[active_model_serializers]   [1m[36mCACHE (0.0ms)[0m  [1m[34mSELECT  "categories".* FROM "categories" WHERE "categories"."id" = ? LIMIT ?[0m  [["id", 1], ["LIMIT", 1]]
[active_model_serializers]   [1m[36mCACHE (0.0ms)[0m  [1m[34mSELECT  "categories".* FROM "categories" WHERE "categories"."id" = ? LIMIT ?[0m  [["id", 1], ["LIMIT", 1]]
[active_model_serializers] Rendered ActiveModel::Serializer::CollectionSerializer with ActiveModelSerializers::Adapter::Attributes (42.53ms)
Completed 200 OK in 64ms (Views: 57.3ms | ActiveRecord: 1.4ms)


Started GET "/jobs?utf8=%E2%9C%93&category=1&location=San+Francisco&commit=Filter" for ::1 at 2017-04-01 21:27:01 +0100
Processing by JobsController#index as JSON
  Parameters: {"utf8"=>"✓", "category"=>"1", "location"=>"San Francisco", "commit"=>"Filter"}
  [1m[36mJob Load (0.4ms)[0m  [1m[34mSELECT  "jobs".* FROM "jobs" ORDER BY "jobs"."created_at" DESC LIMIT ?[0m  [["LIMIT", 9]]
  [1m[36mJob Load (0.1ms)[0m  [1m[34mSELECT "jobs".* FROM "jobs"[0m
  [1m[36mJob Load (0.3ms)[0m  [1m[34mSELECT  "jobs".* FROM "jobs" WHERE "jobs"."category_id" = 1 AND "jobs"."location" = ? ORDER BY "jobs"."created_at" DESC LIMIT ? OFFSET ?[0m  [["location", "San Francisco"], ["LIMIT", 100], ["OFFSET", 0]]
[active_model_serializers] Rendered ActiveModel::Serializer::CollectionSerializer with ActiveModelSerializers::Adapter::Attributes (0.09ms)
Completed 200 OK in 6ms (Views: 3.0ms | ActiveRecord: 0.8ms)


Started GET "/jobs?utf8=%E2%9C%93&category=1&location=New+York&commit=Filter" for ::1 at 2017-04-01 21:27:04 +0100
Processing by JobsController#index as JSON
  Parameters: {"utf8"=>"✓", "category"=>"1", "location"=>"New York", "commit"=>"Filter"}
  [1m[36mJob Load (0.3ms)[0m  [1m[34mSELECT  "jobs".* FROM "jobs" ORDER BY "jobs"."created_at" DESC LIMIT ?[0m  [["LIMIT", 9]]
  [1m[36mJob Load (0.1ms)[0m  [1m[34mSELECT "jobs".* FROM "jobs"[0m
  [1m[36mJob Load (0.2ms)[0m  [1m[34mSELECT  "jobs".* FROM "jobs" WHERE "jobs"."category_id" = 1 AND "jobs"."location" = ? ORDER BY "jobs"."created_at" DESC LIMIT ? OFFSET ?[0m  [["location", "New York"], ["LIMIT", 100], ["OFFSET", 0]]
[active_model_serializers]   [1m[36mCategory Load (0.2ms)[0m  [1m[34mSELECT  "categories".* FROM "categories" WHERE "categories"."id" = ? LIMIT ?[0m  [["id", 1], ["LIMIT", 1]]
[active_model_serializers]   [1m[36mCACHE (0.0ms)[0m  [1m[34mSELECT  "categories".* FROM "categories" WHERE "categories"."id" = ? LIMIT ?[0m  [["id", 1], ["LIMIT", 1]]
[active_model_serializers]   [1m[36mCACHE (0.0ms)[0m  [1m[34mSELECT  "categories".* FROM "categories" WHERE "categories"."id" = ? LIMIT ?[0m  [["id", 1], ["LIMIT", 1]]
[active_model_serializers] Rendered ActiveModel::Serializer::CollectionSerializer with ActiveModelSerializers::Adapter::Attributes (3.15ms)
Completed 200 OK in 7ms (Views: 4.1ms | ActiveRecord: 0.7ms)


Started GET "/" for ::1 at 2017-04-01 21:28:27 +0100
Processing by JobsController#index as HTML
  [1m[36mJob Load (0.2ms)[0m  [1m[34mSELECT  "jobs".* FROM "jobs" ORDER BY "jobs"."created_at" DESC LIMIT ?[0m  [["LIMIT", 9]]
  [1m[36mJob Load (0.1ms)[0m  [1m[34mSELECT "jobs".* FROM "jobs"[0m
  Rendering jobs/index.html.erb within layouts/application
  [1m[36mCategory Load (0.1ms)[0m  [1m[34mSELECT "categories".* FROM "categories"[0m
  [1m[35m (0.1ms)[0m  [1m[34mSELECT COUNT(count_column) FROM (SELECT  1 AS count_column FROM "jobs" LIMIT ? OFFSET ?) subquery_for_count[0m  [["LIMIT", 100], ["OFFSET", 0]]
  [1m[36mJob Load (0.2ms)[0m  [1m[34mSELECT  "jobs".* FROM "jobs" ORDER BY "jobs"."created_at" DESC LIMIT ? OFFSET ?[0m  [["LIMIT", 100], ["OFFSET", 0]]
  [1m[35m (0.1ms)[0m  [1m[34mSELECT COUNT(*) FROM "jobs"[0m
  Rendered jobs/index.html.erb within layouts/application (10.4ms)
  Rendered layouts/_messages.html.erb (0.4ms)
  Rendered layouts/_navigation.html.erb (0.8ms)
Completed 200 OK in 78ms (Views: 75.2ms | ActiveRecord: 0.9ms)


Started GET "/jobs/5" for ::1 at 2017-04-01 21:28:33 +0100
Processing by JobsController#show as HTML
  Parameters: {"id"=>"5"}
  [1m[36mJob Load (0.1ms)[0m  [1m[34mSELECT  "jobs".* FROM "jobs" WHERE "jobs"."id" = ? LIMIT ?[0m  [["id", 5], ["LIMIT", 1]]
Completed 401 Unauthorized in 1ms (ActiveRecord: 0.1ms)


Started GET "/users/sign_in" for ::1 at 2017-04-01 21:28:33 +0100
Processing by Devise::SessionsController#new as HTML
  Rendering devise/sessions/new.html.erb within layouts/application
  Rendered devise/shared/_links.html.erb (2.1ms)
  Rendered devise/sessions/new.html.erb within layouts/application (5.8ms)
  Rendered layouts/_messages.html.erb (0.5ms)
  Rendered layouts/_navigation.html.erb (1.2ms)
Completed 200 OK in 84ms (Views: 82.7ms | ActiveRecord: 0.0ms)


Started POST "/users/sign_in" for ::1 at 2017-04-01 21:29:04 +0100
Processing by Devise::SessionsController#create as HTML
  Parameters: {"utf8"=>"✓", "authenticity_token"=>"zTRfELKK1vfohDzfFw4mMpLpG46zOlYb8uDgmbmfbj27IocJfMQtRcf6HxMrLDwJDh4B1gU1yikHr7VrF7ZfcA==", "user"=>{"email"=>"company@email.com", "password"=>"[FILTERED]", "remember_me"=>"0"}, "commit"=>"Log in"}
  [1m[36mUser Load (0.2ms)[0m  [1m[34mSELECT  "users".* FROM "users" WHERE "users"."email" = ? ORDER BY "users"."id" ASC LIMIT ?[0m  [["email", "company@email.com"], ["LIMIT", 1]]
  [1m[35m (0.1ms)[0m  [1m[36mbegin transaction[0m
  [1m[35mSQL (0.4ms)[0m  [1m[33mUPDATE "users" SET "current_sign_in_at" = ?, "last_sign_in_at" = ?, "current_sign_in_ip" = ?, "last_sign_in_ip" = ?, "sign_in_count" = ?, "updated_at" = ? WHERE "users"."id" = ?[0m  [["current_sign_in_at", 2017-04-01 20:29:04 UTC], ["last_sign_in_at", 2017-04-01 20:29:04 UTC], ["current_sign_in_ip", "::1"], ["last_sign_in_ip", "::1"], ["sign_in_count", 1], ["updated_at", 2017-04-01 20:29:04 UTC], ["id", 1]]
  [1m[35m (2.3ms)[0m  [1m[36mcommit transaction[0m
Redirected to http://localhost:3000/
Completed 302 Found in 177ms (ActiveRecord: 3.0ms)


Started GET "/" for ::1 at 2017-04-01 21:29:04 +0100
Processing by JobsController#index as HTML
  [1m[36mJob Load (0.3ms)[0m  [1m[34mSELECT  "jobs".* FROM "jobs" ORDER BY "jobs"."created_at" DESC LIMIT ?[0m  [["LIMIT", 9]]
  [1m[36mJob Load (0.1ms)[0m  [1m[34mSELECT "jobs".* FROM "jobs"[0m
  Rendering jobs/index.html.erb within layouts/application
  [1m[36mCategory Load (0.1ms)[0m  [1m[34mSELECT "categories".* FROM "categories"[0m
  [1m[36mUser Load (0.1ms)[0m  [1m[34mSELECT  "users".* FROM "users" WHERE "users"."id" = ? ORDER BY "users"."id" ASC LIMIT ?[0m  [["id", 1], ["LIMIT", 1]]
  [1m[35m (0.1ms)[0m  [1m[34mSELECT COUNT(count_column) FROM (SELECT  1 AS count_column FROM "jobs" LIMIT ? OFFSET ?) subquery_for_count[0m  [["LIMIT", 100], ["OFFSET", 0]]
  [1m[36mJob Load (0.1ms)[0m  [1m[34mSELECT  "jobs".* FROM "jobs" ORDER BY "jobs"."created_at" DESC LIMIT ? OFFSET ?[0m  [["LIMIT", 100], ["OFFSET", 0]]
  [1m[35m (0.1ms)[0m  [1m[34mSELECT COUNT(*) FROM "jobs"[0m
  Rendered jobs/index.html.erb within layouts/application (9.6ms)
  Rendered layouts/_messages.html.erb (0.6ms)
  Rendered layouts/_navigation.html.erb (0.8ms)
Completed 200 OK in 71ms (Views: 68.0ms | ActiveRecord: 0.9ms)


Started GET "/jobs/new" for ::1 at 2017-04-01 21:29:09 +0100
Processing by JobsController#new as HTML
  [1m[36mUser Load (0.2ms)[0m  [1m[34mSELECT  "users".* FROM "users" WHERE "users"."id" = ? ORDER BY "users"."id" ASC LIMIT ?[0m  [["id", 1], ["LIMIT", 1]]
  Rendering jobs/new.html.erb within layouts/application
  [1m[36mCategory Load (0.4ms)[0m  [1m[34mSELECT "categories".* FROM "categories"[0m
  [1m[36mSkill Load (0.1ms)[0m  [1m[34mSELECT "skills".* FROM "skills"[0m
  Rendered jobs/_form.html.erb (41.6ms)
  Rendered jobs/new.html.erb within layouts/application (42.9ms)
  Rendered layouts/_messages.html.erb (0.6ms)
  Rendered layouts/_navigation.html.erb (0.9ms)
Completed 200 OK in 113ms (Views: 108.4ms | ActiveRecord: 1.1ms)


Started GET "/" for ::1 at 2017-04-01 21:29:27 +0100
Processing by JobsController#index as HTML
  [1m[36mJob Load (0.2ms)[0m  [1m[34mSELECT  "jobs".* FROM "jobs" ORDER BY "jobs"."created_at" DESC LIMIT ?[0m  [["LIMIT", 9]]
  [1m[36mJob Load (0.1ms)[0m  [1m[34mSELECT "jobs".* FROM "jobs"[0m
  Rendering jobs/index.html.erb within layouts/application
  [1m[36mCategory Load (0.1ms)[0m  [1m[34mSELECT "categories".* FROM "categories"[0m
  [1m[36mUser Load (0.2ms)[0m  [1m[34mSELECT  "users".* FROM "users" WHERE "users"."id" = ? ORDER BY "users"."id" ASC LIMIT ?[0m  [["id", 1], ["LIMIT", 1]]
  [1m[35m (0.1ms)[0m  [1m[34mSELECT COUNT(count_column) FROM (SELECT  1 AS count_column FROM "jobs" LIMIT ? OFFSET ?) subquery_for_count[0m  [["LIMIT", 100], ["OFFSET", 0]]
  [1m[36mJob Load (0.2ms)[0m  [1m[34mSELECT  "jobs".* FROM "jobs" ORDER BY "jobs"."created_at" DESC LIMIT ? OFFSET ?[0m  [["LIMIT", 100], ["OFFSET", 0]]
  [1m[35m (0.1ms)[0m  [1m[34mSELECT COUNT(*) FROM "jobs"[0m
  Rendered jobs/index.html.erb within layouts/application (13.5ms)
  Rendered layouts/_messages.html.erb (0.4ms)
  Rendered layouts/_navigation.html.erb (0.8ms)
Completed 200 OK in 97ms (Views: 93.5ms | ActiveRecord: 1.1ms)


Started GET "/" for ::1 at 2017-04-01 21:30:42 +0100
Processing by JobsController#index as HTML
  [1m[36mJob Load (0.2ms)[0m  [1m[34mSELECT  "jobs".* FROM "jobs" ORDER BY "jobs"."created_at" DESC LIMIT ?[0m  [["LIMIT", 9]]
  [1m[36mJob Load (0.1ms)[0m  [1m[34mSELECT "jobs".* FROM "jobs"[0m
  Rendering jobs/index.html.erb within layouts/application
  [1m[36mCategory Load (0.1ms)[0m  [1m[34mSELECT "categories".* FROM "categories"[0m
  [1m[36mUser Load (0.1ms)[0m  [1m[34mSELECT  "users".* FROM "users" WHERE "users"."id" = ? ORDER BY "users"."id" ASC LIMIT ?[0m  [["id", 1], ["LIMIT", 1]]
  [1m[35m (0.1ms)[0m  [1m[34mSELECT COUNT(count_column) FROM (SELECT  1 AS count_column FROM "jobs" LIMIT ? OFFSET ?) subquery_for_count[0m  [["LIMIT", 100], ["OFFSET", 0]]
  [1m[36mJob Load (0.2ms)[0m  [1m[34mSELECT  "jobs".* FROM "jobs" ORDER BY "jobs"."created_at" DESC LIMIT ? OFFSET ?[0m  [["LIMIT", 100], ["OFFSET", 0]]
  [1m[35m (0.2ms)[0m  [1m[34mSELECT COUNT(*) FROM "jobs"[0m
  Rendered jobs/index.html.erb within layouts/application (22.6ms)
  Rendered layouts/_messages.html.erb (0.5ms)
  Rendered layouts/_navigation.html.erb (0.9ms)
Completed 200 OK in 109ms (Views: 106.3ms | ActiveRecord: 1.0ms)


Started GET "/jobs/5" for ::1 at 2017-04-01 21:30:54 +0100
Processing by JobsController#show as HTML
  Parameters: {"id"=>"5"}
  [1m[36mJob Load (0.1ms)[0m  [1m[34mSELECT  "jobs".* FROM "jobs" WHERE "jobs"."id" = ? LIMIT ?[0m  [["id", 5], ["LIMIT", 1]]
  [1m[36mUser Load (0.1ms)[0m  [1m[34mSELECT  "users".* FROM "users" WHERE "users"."id" = ? ORDER BY "users"."id" ASC LIMIT ?[0m  [["id", 1], ["LIMIT", 1]]
  Rendering jobs/show.html.erb within layouts/application
  [1m[36mCategory Load (0.2ms)[0m  [1m[34mSELECT  "categories".* FROM "categories" WHERE "categories"."id" = ? LIMIT ?[0m  [["id", 1], ["LIMIT", 1]]
  [1m[36mSkill Load (0.2ms)[0m  [1m[34mSELECT "skills".* FROM "skills" INNER JOIN "jobs_skills" ON "skills"."id" = "jobs_skills"."skill_id" WHERE "jobs_skills"."job_id" = ?[0m  [["job_id", 5]]
  [1m[36mJob Load (0.2ms)[0m  [1m[34mSELECT  "jobs".* FROM "jobs" ORDER BY "jobs"."created_at" DESC LIMIT ? OFFSET ?[0m  [["LIMIT", 8], ["OFFSET", 0]]
  Rendered jobs/show.html.erb within layouts/application (15.8ms)
  Rendered layouts/_messages.html.erb (0.5ms)
  Rendered layouts/_navigation.html.erb (1.3ms)
  [1m[36mJob Exists (0.2ms)[0m  [1m[34mSELECT  1 AS one FROM "jobs" WHERE "jobs"."id" = ? LIMIT ?[0m  [["id", 5], ["LIMIT", 1]]
Completed 200 OK in 93ms (Views: 88.1ms | ActiveRecord: 1.3ms)


Started GET "/jobs/5" for ::1 at 2017-04-01 21:31:03 +0100
Processing by JobsController#show as HTML
  Parameters: {"id"=>"5"}
  [1m[36mJob Load (0.1ms)[0m  [1m[34mSELECT  "jobs".* FROM "jobs" WHERE "jobs"."id" = ? LIMIT ?[0m  [["id", 5], ["LIMIT", 1]]
  [1m[36mUser Load (0.1ms)[0m  [1m[34mSELECT  "users".* FROM "users" WHERE "users"."id" = ? ORDER BY "users"."id" ASC LIMIT ?[0m  [["id", 1], ["LIMIT", 1]]
  Rendering jobs/show.html.erb within layouts/application
  [1m[36mCategory Load (0.1ms)[0m  [1m[34mSELECT  "categories".* FROM "categories" WHERE "categories"."id" = ? LIMIT ?[0m  [["id", 1], ["LIMIT", 1]]
  [1m[36mSkill Load (0.1ms)[0m  [1m[34mSELECT "skills".* FROM "skills" INNER JOIN "jobs_skills" ON "skills"."id" = "jobs_skills"."skill_id" WHERE "jobs_skills"."job_id" = ?[0m  [["job_id", 5]]
  [1m[36mJob Load (0.2ms)[0m  [1m[34mSELECT  "jobs".* FROM "jobs" ORDER BY "jobs"."created_at" DESC LIMIT ? OFFSET ?[0m  [["LIMIT", 8], ["OFFSET", 0]]
  Rendered jobs/show.html.erb within layouts/application (5.5ms)
  Rendered layouts/_messages.html.erb (0.5ms)
  Rendered layouts/_navigation.html.erb (0.9ms)
  [1m[36mJob Exists (0.1ms)[0m  [1m[34mSELECT  1 AS one FROM "jobs" WHERE "jobs"."id" = ? LIMIT ?[0m  [["id", 5], ["LIMIT", 1]]
Completed 200 OK in 85ms (Views: 81.0ms | ActiveRecord: 0.8ms)


  [1m[36mActiveRecord::SchemaMigration Load (0.1ms)[0m  [1m[34mSELECT "schema_migrations".* FROM "schema_migrations"[0m
  [1m[36mActiveRecord::InternalMetadata Load (0.1ms)[0m  [1m[34mSELECT  "ar_internal_metadata".* FROM "ar_internal_metadata" WHERE "ar_internal_metadata"."key" = ? LIMIT ?[0m  [["key", :environment], ["LIMIT", 1]]
  [1m[35m (0.1ms)[0m  [1m[36mbegin transaction[0m
  [1m[35m (0.0ms)[0m  [1m[36mcommit transaction[0m
  [1m[36mActiveRecord::SchemaMigration Load (0.1ms)[0m  [1m[34mSELECT "schema_migrations".* FROM "schema_migrations"[0m
  [1m[35m (0.1ms)[0m  [1m[34m            SELECT sql
            FROM sqlite_master
            WHERE name='index_users_on_uid' AND type='index'
            UNION ALL
            SELECT sql
            FROM sqlite_temp_master
            WHERE name='index_users_on_uid' AND type='index'
[0m
  [1m[35m (0.1ms)[0m  [1m[34m            SELECT sql
            FROM sqlite_master
            WHERE name='index_users_on_provider' AND type='index'
            UNION ALL
            SELECT sql
            FROM sqlite_temp_master
            WHERE name='index_users_on_provider' AND type='index'
[0m
  [1m[35m (0.1ms)[0m  [1m[34m            SELECT sql
            FROM sqlite_master
            WHERE name='index_users_on_reset_password_token' AND type='index'
            UNION ALL
            SELECT sql
            FROM sqlite_temp_master
            WHERE name='index_users_on_reset_password_token' AND type='index'
[0m
  [1m[35m (0.1ms)[0m  [1m[34m            SELECT sql
            FROM sqlite_master
            WHERE name='index_users_on_email' AND type='index'
            UNION ALL
            SELECT sql
            FROM sqlite_temp_master
            WHERE name='index_users_on_email' AND type='index'
[0m
  [1m[36mActiveRecord::SchemaMigration Load (0.1ms)[0m  [1m[34mSELECT "schema_migrations".* FROM "schema_migrations"[0m
  [1m[35m (0.1ms)[0m  [1m[36mbegin transaction[0m
  [1m[36mUser Exists (0.2ms)[0m  [1m[34mSELECT  1 AS one FROM "users" WHERE "users"."email" = ? LIMIT ?[0m  [["email", "company@email.com"], ["LIMIT", 1]]
  [1m[35m (0.1ms)[0m  [1m[31mrollback transaction[0m
